 
****************************************
Report : timing
        -path full
        -delay max
        -max_paths 1
Design : qr_decode
Version: R-2020.09-SP5
Date   : Thu Nov 25 01:37:25 2021
****************************************

Operating Conditions: ss0p95v125c   Library: saed32hvt_ss0p95v125c
Wire Load Model Mode: enclosed

  Startpoint: srstn (input port clocked by clk)
  Endpoint: clk_gate_alpha_a_reg/latch
            (positive level-sensitive latch clocked by clk')
  Path Group: clk
  Path Type: max

  Des/Clust/Port     Wire Load Model       Library
  ------------------------------------------------
  qr_decode          140000                saed32hvt_ss0p95v125c

  Point                                                   Incr       Path
  --------------------------------------------------------------------------
  clock clk (rise edge)                                 0.0000     0.0000
  clock network delay (ideal)                           0.0000     0.0000
  input external delay                                  3.2000     3.2000 r
  srstn (in)                                            0.0000     3.2000 r
  U47719/Y (AND2X1_HVT)                                 0.0717     3.2717 r
  U47720/Y (NAND2X0_HVT)                                0.1160     3.3877 f
  U20200/Y (INVX0_HVT)                                  0.0571     3.4448 r
  U19630/Y (NAND2X0_HVT)                                0.1111     3.5559 f
  clk_gate_alpha_a_reg/EN (SNPS_CLOCK_GATE_HIGH_qr_decode_mydesign_141)
                                                        0.0000     3.5559 f
  clk_gate_alpha_a_reg/latch/D (LATCHX1_HVT)            0.0000     3.5559 f
  data arrival time                                                3.5559

  clock clk' (rise edge)                                2.0000     2.0000
  clock network delay (ideal)                           0.0000     2.0000
  clk_gate_alpha_a_reg/latch/CLK (LATCHX1_HVT)          0.0000     2.0000 r
  time borrowed from endpoint                           1.5559     3.5559
  data required time                                               3.5559
  --------------------------------------------------------------------------
  data required time                                               3.5559
  data arrival time                                               -3.5559
  --------------------------------------------------------------------------
  slack (MET)                                                      0.0000

  Time Borrowing Information
  --------------------------------------------------------------
  clk' nominal pulse width                              2.0000   
  library setup time                                   -0.1206   
  --------------------------------------------------------------
  max time borrow                                       1.8794   
  actual time borrow                                    1.5559   
  --------------------------------------------------------------


1
